------------------------------------------------------------------------------------------------------------------------

[2025-02-10 10:10:04 #1 store] 
Database '/Users/oihane/Desktop/2marroia252/flights.odb' is opened by 11845@macbookair.local

[2025-02-10 10:10:04 #2 type] 
Type domain.Flight is not enhanced.

[2025-02-10 10:10:04 #3 type] 
Type domain.ConcreteFlight is not enhanced.

[2025-02-10 10:10:29 #4 store] 
Database '/Users/oihane/Desktop/2marroia252/flights.odb' is closed by 11845@macbookair.local

------------------------------------------------------------------------------------------------------------------------

[2025-02-10 10:10:41 #1 store] 
Database '/Users/oihane/Desktop/2marroia252/flights.odb' is opened by 11846@macbookair.local

[2025-02-10 10:10:41 #2 type.registry] 
New type domain.Flight

[2025-02-10 10:10:41 #3 type] 
Type domain.Flight is not enhanced.

[2025-02-10 10:10:41 #4 type.registry] 
New type domain.ConcreteFlight

[2025-02-10 10:10:41 #5 type] 
Type domain.ConcreteFlight is not enhanced.

[2025-02-10 10:10:41 #6 type.registry] 
New type java.util.ArrayList<java.lang.Object>

[2025-02-10 10:10:41 #7 type.registry] 
New type java.util.ArrayList<domain.ConcreteFlight>

[2025-02-10 10:11:10 #8 store] 
Database '/Users/oihane/Desktop/2marroia252/flights.odb' is closed by 11846@macbookair.local

------------------------------------------------------------------------------------------------------------------------

[2025-02-10 11:48:56 #1 store] 
Database '/Users/oihane/Desktop/2marroia252/flights.odb' is opened by 12271@macbookair.local

[2025-02-10 11:48:56 #2 type] 
Type domain.Flight is not enhanced.

[2025-02-10 11:48:56 #3 type] 
Type domain.ConcreteFlight is not enhanced.

[2025-02-10 11:49:13 #4 store] 
Database '/Users/oihane/Desktop/2marroia252/flights.odb' is closed by 12271@macbookair.local

